<?xml version="1.0" encoding="UTF-8"?>
<!-- Generated by org.testng.reporters.JUnitXMLReporter -->
<testsuite ignored="0" hostname="Rutuja" failures="0" tests="7" name="mytest" time="13.106" errors="0" timestamp="2025-03-03T11:01:32 IST">
  <testcase classname="TestNG.OrangHRM" name="openApp" time="7.751"/>
  <testcase classname="TestNG.OrangHRM" name="testLogo" time="3.089"/>
  <testcase classname="TestNG.OrangHRM" name="testLogin" time="1.722"/>
  <testcase classname="TestNG.OrangHRM" name="closeApp" time="0.481"/>
  <testcase classname="TestNG.FirstTestCase" name="openapp" time="0.002"/>
  <testcase classname="TestNG.FirstTestCase" name="login" time="0.002"/>
  <testcase classname="TestNG.FirstTestCase" name="logout" time="0.001"/>
</testsuite> <!-- mytest -->
