<?xml version="1.0" encoding="UTF-8"?>
<!-- Generated by org.testng.reporters.JUnitXMLReporter -->
<testsuite ignored="0" hostname="Rutuja" failures="0" tests="3" name="Default test" time="0.053" errors="0" timestamp="2025-03-05T10:55:55 IST">
  <testcase classname="DependencyMethods.LoginTests" name="loginByEmail" time="0.012"/>
  <testcase classname="DependencyMethods.LoginTests" name="loginByFacebook" time="0.002"/>
  <testcase classname="DependencyMethods.LoginTests" name="loginByTwitter" time="0.001"/>
</testsuite> <!-- Default test -->
