<?xml version="1.0" encoding="UTF-8"?>
<!-- Generated by org.testng.reporters.JUnitXMLReporter -->
<testsuite ignored="5" hostname="Rutuja" failures="0" tests="3" name="grouping.xml" time="0.056" errors="0" timestamp="2025-03-05T11:30:41 IST">
  <testcase classname="DependencyMethods.LoginTests" name="loginByEmail" time="0.011"/>
  <testcase classname="DependencyMethods.LoginTests" name="loginByFacebook" time="0.001"/>
  <testcase classname="DependencyMethods.LoginTests" name="loginByTwitter" time="0.002"/>
  <testcase classname="DependencyMethods.PaymentsTests" name="paymentinRupees" time="0.0">
    <ignored/>
  </testcase> <!-- paymentinRupees -->
  <testcase classname="DependencyMethods.PaymentsTests" name="paymentinDollars" time="0.0">
    <ignored/>
  </testcase> <!-- paymentinDollars -->
  <testcase classname="DependencyMethods.SignupTests" name="signupByTwitter" time="0.0">
    <ignored/>
  </testcase> <!-- signupByTwitter -->
  <testcase classname="DependencyMethods.SignupTests" name="signupByFacebook" time="0.0">
    <ignored/>
  </testcase> <!-- signupByFacebook -->
  <testcase classname="DependencyMethods.SignupTests" name="signupByEmail" time="0.0">
    <ignored/>
  </testcase> <!-- signupByEmail -->
</testsuite> <!-- grouping.xml -->
