<?xml version="1.0" encoding="UTF-8"?>
<testng-results ignored="5" total="8" passed="3" failed="0" skipped="0">
  <reporter-output>
  </reporter-output>
  <suite started-at="2025-03-05T11:30:41 IST" name="Suite" finished-at="2025-03-05T11:30:41 IST" duration-ms="56">
    <groups>
      <group name="sanity">
        <method signature="LoginTests.loginByEmail()[pri:1, instance:DependencyMethods.LoginTests@7f3b84b8]" name="loginByEmail" class="DependencyMethods.LoginTests"/>
        <method signature="LoginTests.loginByFacebook()[pri:2, instance:DependencyMethods.LoginTests@7f3b84b8]" name="loginByFacebook" class="DependencyMethods.LoginTests"/>
        <method signature="LoginTests.loginByTwitter()[pri:3, instance:DependencyMethods.LoginTests@7f3b84b8]" name="loginByTwitter" class="DependencyMethods.LoginTests"/>
      </group> <!-- sanity -->
    </groups>
    <test started-at="2025-03-05T11:30:41 IST" name="grouping.xml" finished-at="2025-03-05T11:30:41 IST" duration-ms="56">
      <class name="DependencyMethods.LoginTests">
        <test-method signature="loginByEmail()[pri:1, instance:DependencyMethods.LoginTests@7f3b84b8]" started-at="2025-03-05T11:30:41 IST" name="loginByEmail" finished-at="2025-03-05T11:30:41 IST" duration-ms="11" status="PASS">
          <reporter-output>
          </reporter-output>
        </test-method> <!-- loginByEmail -->
        <test-method signature="loginByFacebook()[pri:2, instance:DependencyMethods.LoginTests@7f3b84b8]" started-at="2025-03-05T11:30:41 IST" name="loginByFacebook" finished-at="2025-03-05T11:30:41 IST" duration-ms="1" status="PASS">
          <reporter-output>
          </reporter-output>
        </test-method> <!-- loginByFacebook -->
        <test-method signature="loginByTwitter()[pri:3, instance:DependencyMethods.LoginTests@7f3b84b8]" started-at="2025-03-05T11:30:41 IST" name="loginByTwitter" finished-at="2025-03-05T11:30:41 IST" duration-ms="2" status="PASS">
          <reporter-output>
          </reporter-output>
        </test-method> <!-- loginByTwitter -->
      </class> <!-- DependencyMethods.LoginTests -->
    </test> <!-- grouping.xml -->
  </suite> <!-- Suite -->
</testng-results>
